<?xml version="1.0" encoding="UTF-8"?>
<robot generator="Robot 7.0.1 (Python 3.12.4 on win32)" generated="2024-07-08T10:52:12.789861" rpa="false" schemaversion="5">
<suite id="s1" name="MCF UI AUTOMATION" source="C:\Users\AnilKumar\OneDrive - Gojoko\Desktop\ROBOT FRAMEWORK\MCF_UI_AUTOMATION">
<suite id="s1-s1" name="Test" source="C:\Users\AnilKumar\OneDrive - Gojoko\Desktop\ROBOT FRAMEWORK\MCF_UI_AUTOMATION\Test">
<suite id="s1-s1-s1" name="Loans" source="C:\Users\AnilKumar\OneDrive - Gojoko\Desktop\ROBOT FRAMEWORK\MCF_UI_AUTOMATION\Test\Loans.robot">
<test id="s1-s1-s1-t1" name="Validate that Successful easy payment journey" line="9">
<kw name="OpenBroser" owner="resource" type="SETUP">
<kw name="Open Browser" owner="SeleniumLibrary">
<msg time="2024-07-08T10:52:13.046604" level="INFO">Opening browser 'Firefox' to base url 'https://uat.customer.mycommunityfinance.co.uk/s/login/'.</msg>
<arg>${url}</arg>
<arg>${browser_mode}</arg>
<doc>Opens a new browser instance to the optional ``url``.</doc>
<status status="PASS" start="2024-07-08T10:52:13.046068" elapsed="19.878386"/>
</kw>
<kw name="Maximize Browser Window" owner="SeleniumLibrary">
<doc>Maximizes current browser window.</doc>
<status status="PASS" start="2024-07-08T10:52:32.924938" elapsed="0.006744"/>
</kw>
<arg>${mcf_salesforce_login_url}</arg>
<arg>${browser_name}</arg>
<status status="PASS" start="2024-07-08T10:52:13.044098" elapsed="19.887584"/>
</kw>
<kw name="Fill the login Form">
<kw name="WaitTimeOut">
<kw name="Set Selenium Implicit Wait" owner="SeleniumLibrary">
<arg>20 sec</arg>
<doc>Sets the implicit wait value used by Selenium.</doc>
<status status="PASS" start="2024-07-08T10:52:32.932128" elapsed="0.000000"/>
</kw>
<kw name="Set Selenium Timeout" owner="SeleniumLibrary">
<arg>20 sec</arg>
<doc>Sets the timeout that is used by various keywords.</doc>
<status status="PASS" start="2024-07-08T10:52:32.932128" elapsed="0.013142"/>
</kw>
<kw name="Wait Until Page Contains Element" owner="SeleniumLibrary">
<arg>${xpath}</arg>
<doc>Waits until the element ``locator`` appears on the current page.</doc>
<status status="PASS" start="2024-07-08T10:52:32.945270" elapsed="0.012016"/>
</kw>
<kw name="Wait Until Element Is Visible" owner="SeleniumLibrary">
<arg>${xpath}</arg>
<doc>Waits until the element ``locator`` is visible.</doc>
<status status="PASS" start="2024-07-08T10:52:32.957873" elapsed="0.068814"/>
</kw>
<kw name="Wait Until Element Is Enabled" owner="SeleniumLibrary">
<arg>${xpath}</arg>
<doc>Waits until the element ``locator`` is enabled.</doc>
<status status="PASS" start="2024-07-08T10:52:33.027205" elapsed="0.010634"/>
</kw>
<arg>//input[@inputmode="email"]</arg>
<status status="PASS" start="2024-07-08T10:52:32.932128" elapsed="0.105711"/>
</kw>
<kw name="Input Text" owner="SeleniumLibrary">
<msg time="2024-07-08T10:52:33.038893" level="INFO">Typing text 'priya.gojoko2811+34@gmail.com' into text field '//input[@inputmode="email"]'.</msg>
<arg>//input[@inputmode="email"]</arg>
<arg>${username}</arg>
<doc>Types the given ``text`` into the text field identified by ``locator``.</doc>
<status status="PASS" start="2024-07-08T10:52:33.038893" elapsed="0.121472"/>
</kw>
<kw name="Input Password" owner="SeleniumLibrary">
<msg time="2024-07-08T10:52:33.160365" level="INFO">Typing password into text field '//input[@placeholder="Enter your password"]'.</msg>
<msg time="2024-07-08T10:52:33.183301" level="INFO">Temporally setting log level to: NONE</msg>
<arg>//input[@placeholder="Enter your password"]</arg>
<arg>${password}</arg>
<doc>Types the given password into the text field identified by ``locator``.</doc>
<status status="PASS" start="2024-07-08T10:52:33.160365" elapsed="0.037437"/>
</kw>
<kw name="Click Button" owner="SeleniumLibrary">
<msg time="2024-07-08T10:52:33.197802" level="INFO">Clicking button '//button[contains(@class,"login_btn")]'.</msg>
<arg>//button[contains(@class,"login_btn")]</arg>
<doc>Clicks the button identified by ``locator``.</doc>
<status status="PASS" start="2024-07-08T10:52:33.197802" elapsed="0.242282"/>
</kw>
<kw name="Sleep" owner="BuiltIn">
<msg time="2024-07-08T10:52:43.442757" level="INFO">Slept 10 seconds.</msg>
<arg>10s</arg>
<doc>Pauses the test executed for the given time.</doc>
<status status="PASS" start="2024-07-08T10:52:33.441574" elapsed="10.001446"/>
</kw>
<arg>username=${mcf_user_email_id}</arg>
<arg>password=${mcf_valid_password}</arg>
<status status="PASS" start="2024-07-08T10:52:32.932128" elapsed="10.511392"/>
</kw>
<kw name="Navigate to easy payment page">
<kw name="Click Button" owner="SeleniumLibrary">
<msg time="2024-07-08T10:52:43.444949" level="INFO">Clicking button '//button[@title="Go to loan overview"]'.</msg>
<arg>//button[@title="Go to loan overview"]</arg>
<doc>Clicks the button identified by ``locator``.</doc>
<status status="PASS" start="2024-07-08T10:52:43.444949" elapsed="3.482211"/>
</kw>
<kw name="WaitTimeOut">
<kw name="Set Selenium Implicit Wait" owner="SeleniumLibrary">
<arg>20 sec</arg>
<doc>Sets the implicit wait value used by Selenium.</doc>
<status status="PASS" start="2024-07-08T10:52:46.934829" elapsed="0.008220"/>
</kw>
<kw name="Set Selenium Timeout" owner="SeleniumLibrary">
<arg>20 sec</arg>
<doc>Sets the timeout that is used by various keywords.</doc>
<status status="PASS" start="2024-07-08T10:52:46.943049" elapsed="0.000000"/>
</kw>
<kw name="Wait Until Page Contains Element" owner="SeleniumLibrary">
<arg>${xpath}</arg>
<doc>Waits until the element ``locator`` appears on the current page.</doc>
<status status="PASS" start="2024-07-08T10:52:46.943049" elapsed="3.684427"/>
</kw>
<kw name="Wait Until Element Is Visible" owner="SeleniumLibrary">
<arg>${xpath}</arg>
<doc>Waits until the element ``locator`` is visible.</doc>
<status status="PASS" start="2024-07-08T10:52:50.628782" elapsed="0.008638"/>
</kw>
<kw name="Wait Until Element Is Enabled" owner="SeleniumLibrary">
<arg>${xpath}</arg>
<doc>Waits until the element ``locator`` is enabled.</doc>
<status status="PASS" start="2024-07-08T10:52:50.638479" elapsed="0.022548"/>
</kw>
<arg>//div[contains(@class,'mt-16')]//a</arg>
<status status="PASS" start="2024-07-08T10:52:46.934829" elapsed="3.726198"/>
</kw>
<kw name="Click Element" owner="SeleniumLibrary">
<msg time="2024-07-08T10:52:50.661526" level="INFO">Clicking element '//div[contains(@class,'mt-16')]//a'.</msg>
<arg>//div[contains(@class,'mt-16')]//a</arg>
<doc>Click the element identified by ``locator``.</doc>
<status status="PASS" start="2024-07-08T10:52:50.661526" elapsed="0.248941"/>
</kw>
<status status="PASS" start="2024-07-08T10:52:43.443948" elapsed="7.467021"/>
</kw>
<kw name="Make a payment">
<kw name="WaitTimeOut">
<kw name="Set Selenium Implicit Wait" owner="SeleniumLibrary">
<arg>20 sec</arg>
<doc>Sets the implicit wait value used by Selenium.</doc>
<status status="PASS" start="2024-07-08T10:52:50.913840" elapsed="0.003401"/>
</kw>
<kw name="Set Selenium Timeout" owner="SeleniumLibrary">
<arg>20 sec</arg>
<doc>Sets the timeout that is used by various keywords.</doc>
<status status="PASS" start="2024-07-08T10:52:50.917241" elapsed="0.000000"/>
</kw>
<kw name="Wait Until Page Contains Element" owner="SeleniumLibrary">
<arg>${xpath}</arg>
<doc>Waits until the element ``locator`` appears on the current page.</doc>
<status status="PASS" start="2024-07-08T10:52:50.917241" elapsed="0.258558"/>
</kw>
<kw name="Wait Until Element Is Visible" owner="SeleniumLibrary">
<arg>${xpath}</arg>
<doc>Waits until the element ``locator`` is visible.</doc>
<status status="PASS" start="2024-07-08T10:52:51.175799" elapsed="0.017732"/>
</kw>
<kw name="Wait Until Element Is Enabled" owner="SeleniumLibrary">
<arg>${xpath}</arg>
<doc>Waits until the element ``locator`` is enabled.</doc>
<status status="PASS" start="2024-07-08T10:52:51.193531" elapsed="0.017463"/>
</kw>
<arg>(//div[contains(@class,'paymentHeading')])[1]</arg>
<status status="PASS" start="2024-07-08T10:52:50.913840" elapsed="0.297154"/>
</kw>
<kw name="Sleep" owner="BuiltIn">
<msg time="2024-07-08T10:52:58.211321" level="INFO">Slept 7 seconds.</msg>
<arg>7s</arg>
<doc>Pauses the test executed for the given time.</doc>
<status status="PASS" start="2024-07-08T10:52:51.210994" elapsed="7.000327"/>
</kw>
<kw name="Click Element" owner="SeleniumLibrary">
<msg time="2024-07-08T10:52:58.211321" level="INFO">Clicking element '(//div[contains(@class,'paymentHeading')])[1]'.</msg>
<arg>(//div[contains(@class,'paymentHeading')])[1]</arg>
<doc>Click the element identified by ``locator``.</doc>
<status status="PASS" start="2024-07-08T10:52:58.211321" elapsed="0.252314"/>
</kw>
<kw name="Input Text" owner="SeleniumLibrary">
<msg time="2024-07-08T10:52:58.463635" level="INFO">Typing text '100' into text field '//input[contains(@class,'input-border-with-mask')]'.</msg>
<arg>//input[contains(@class,'input-border-with-mask')]</arg>
<arg>${arreras_amount}</arg>
<doc>Types the given ``text`` into the text field identified by ``locator``.</doc>
<status status="PASS" start="2024-07-08T10:52:58.463635" elapsed="0.278558"/>
</kw>
<kw name="Click Button" owner="SeleniumLibrary">
<msg time="2024-07-08T10:52:58.743284" level="INFO">Clicking button '//button[contains(@class,'btnLabel btn verify-btn')]'.</msg>
<arg>//button[contains(@class,'btnLabel btn verify-btn')]</arg>
<doc>Clicks the button identified by ``locator``.</doc>
<status status="PASS" start="2024-07-08T10:52:58.742693" elapsed="0.252618"/>
</kw>
<kw name="WaitTimeOut">
<kw name="Set Selenium Implicit Wait" owner="SeleniumLibrary">
<arg>20 sec</arg>
<doc>Sets the implicit wait value used by Selenium.</doc>
<status status="PASS" start="2024-07-08T10:52:58.996310" elapsed="0.002231"/>
</kw>
<kw name="Set Selenium Timeout" owner="SeleniumLibrary">
<arg>20 sec</arg>
<doc>Sets the timeout that is used by various keywords.</doc>
<status status="PASS" start="2024-07-08T10:52:58.998541" elapsed="0.004172"/>
</kw>
<kw name="Wait Until Page Contains Element" owner="SeleniumLibrary">
<arg>${xpath}</arg>
<doc>Waits until the element ``locator`` appears on the current page.</doc>
<status status="PASS" start="2024-07-08T10:52:59.002713" elapsed="20.026366"/>
</kw>
<kw name="Wait Until Element Is Visible" owner="SeleniumLibrary">
<arg>${xpath}</arg>
<doc>Waits until the element ``locator`` is visible.</doc>
<status status="PASS" start="2024-07-08T10:53:19.029079" elapsed="0.013231"/>
</kw>
<kw name="Wait Until Element Is Enabled" owner="SeleniumLibrary">
<arg>${xpath}</arg>
<doc>Waits until the element ``locator`` is enabled.</doc>
<status status="PASS" start="2024-07-08T10:53:19.042310" elapsed="0.014052"/>
</kw>
<arg>//button[contains(text(),'Confirm payment details')]</arg>
<status status="PASS" start="2024-07-08T10:52:58.995810" elapsed="20.061053"/>
</kw>
<kw name="Execute Javascript" owner="SeleniumLibrary">
<msg time="2024-07-08T10:53:19.058364" level="INFO">Executing JavaScript:
window.scrollTo(0, document.body.scrollHeight)
Without any arguments.</msg>
<arg>window.scrollTo(0, document.body.scrollHeight)</arg>
<doc>Executes the given JavaScript code with possible arguments.</doc>
<status status="PASS" start="2024-07-08T10:53:19.057416" elapsed="0.008381"/>
</kw>
<kw name="Sleep" owner="BuiltIn">
<msg time="2024-07-08T10:53:21.066192" level="INFO">Slept 2 seconds.</msg>
<arg>2s</arg>
<doc>Pauses the test executed for the given time.</doc>
<status status="PASS" start="2024-07-08T10:53:19.065797" elapsed="2.000395"/>
</kw>
<kw name="Element Text Should Be" owner="SeleniumLibrary">
<msg time="2024-07-08T10:53:21.066192" level="INFO">Verifying element '//button[contains(text(),'Confirm payment details')]' contains exact text 'confirm payment details'.</msg>
<arg>//button[contains(text(),'Confirm payment details')]</arg>
<arg>confirm payment details</arg>
<doc>Verifies that element ``locator`` contains exact the text ``expected``.</doc>
<status status="PASS" start="2024-07-08T10:53:21.066192" elapsed="0.027525"/>
</kw>
<kw name="Click Button" owner="SeleniumLibrary">
<msg time="2024-07-08T10:53:21.093717" level="INFO">Clicking button '//button[contains(text(),'Confirm payment details')]'.</msg>
<arg>//button[contains(text(),'Confirm payment details')]</arg>
<doc>Clicks the button identified by ``locator``.</doc>
<status status="PASS" start="2024-07-08T10:53:21.093717" elapsed="0.267901"/>
</kw>
<kw name="WaitTimeOut">
<kw name="Set Selenium Implicit Wait" owner="SeleniumLibrary">
<arg>20 sec</arg>
<doc>Sets the implicit wait value used by Selenium.</doc>
<status status="PASS" start="2024-07-08T10:53:21.361618" elapsed="0.000000"/>
</kw>
<kw name="Set Selenium Timeout" owner="SeleniumLibrary">
<arg>20 sec</arg>
<doc>Sets the timeout that is used by various keywords.</doc>
<status status="PASS" start="2024-07-08T10:53:21.361618" elapsed="0.017210"/>
</kw>
<kw name="Wait Until Page Contains Element" owner="SeleniumLibrary">
<arg>${xpath}</arg>
<doc>Waits until the element ``locator`` appears on the current page.</doc>
<status status="PASS" start="2024-07-08T10:53:21.379492" elapsed="0.418817"/>
</kw>
<kw name="Wait Until Element Is Visible" owner="SeleniumLibrary">
<arg>${xpath}</arg>
<doc>Waits until the element ``locator`` is visible.</doc>
<status status="PASS" start="2024-07-08T10:53:21.798309" elapsed="0.019697"/>
</kw>
<kw name="Wait Until Element Is Enabled" owner="SeleniumLibrary">
<arg>${xpath}</arg>
<doc>Waits until the element ``locator`` is enabled.</doc>
<status status="PASS" start="2024-07-08T10:53:21.818006" elapsed="0.013065"/>
</kw>
<arg>(//span[contains(@class,'order-first')])[2]</arg>
<status status="PASS" start="2024-07-08T10:53:21.361618" elapsed="0.469453"/>
</kw>
<kw name="Click Element" owner="SeleniumLibrary">
<msg time="2024-07-08T10:53:21.831071" level="INFO">Clicking element '(//input[@type="radio"])[2]'.</msg>
<arg>(//input[@type="radio"])[2]</arg>
<doc>Click the element identified by ``locator``.</doc>
<status status="PASS" start="2024-07-08T10:53:21.831071" elapsed="0.225491"/>
</kw>
<kw name="Execute Javascript" owner="SeleniumLibrary">
<msg time="2024-07-08T10:53:22.061330" level="INFO">Executing JavaScript:
window.scrollTo(0, document.body.scrollHeight)
Without any arguments.</msg>
<arg>window.scrollTo(0, document.body.scrollHeight)</arg>
<doc>Executes the given JavaScript code with possible arguments.</doc>
<status status="PASS" start="2024-07-08T10:53:22.057530" elapsed="0.014902"/>
</kw>
<kw name="Sleep" owner="BuiltIn">
<msg time="2024-07-08T10:53:23.075704" level="INFO">Slept 1 second.</msg>
<arg>1s</arg>
<doc>Pauses the test executed for the given time.</doc>
<status status="PASS" start="2024-07-08T10:53:22.073724" elapsed="1.001980"/>
</kw>
<kw name="Mouse Down" owner="SeleniumLibrary">
<msg time="2024-07-08T10:53:23.075704" level="INFO">Simulating Mouse Down on element '//span[contains(text(),'Continue')]'.</msg>
<arg>//span[contains(text(),'Continue')]</arg>
<doc>Simulates pressing the left mouse button on the element ``locator``.</doc>
<status status="PASS" start="2024-07-08T10:53:23.075704" elapsed="0.276280"/>
</kw>
<kw name="Sleep" owner="BuiltIn">
<msg time="2024-07-08T10:53:24.353255" level="INFO">Slept 1 second.</msg>
<arg>1s</arg>
<doc>Pauses the test executed for the given time.</doc>
<status status="PASS" start="2024-07-08T10:53:23.351984" elapsed="1.001271"/>
</kw>
<kw name="Mouse Up" owner="SeleniumLibrary">
<msg time="2024-07-08T10:53:24.353255" level="INFO">Simulating Mouse Up on element '//span[contains(text(),'Continue')]'.</msg>
<arg>//span[contains(text(),'Continue')]</arg>
<doc>Simulates releasing the left mouse button on the element ``locator``.</doc>
<status status="PASS" start="2024-07-08T10:53:24.353255" elapsed="0.285078"/>
</kw>
<status status="PASS" start="2024-07-08T10:52:50.910969" elapsed="33.727648"/>
</kw>
<kw name="Filling netbanking details">
<kw name="Sleep" owner="BuiltIn">
<msg time="2024-07-08T10:53:34.643747" level="INFO">Slept 10 seconds.</msg>
<arg>10s</arg>
<doc>Pauses the test executed for the given time.</doc>
<status status="PASS" start="2024-07-08T10:53:24.642323" elapsed="10.001424"/>
</kw>
<kw name="Input Text" owner="SeleniumLibrary">
<msg time="2024-07-08T10:53:34.643747" level="INFO">Typing text '123456789012' into text field '//input[@name="customer-number"]'.</msg>
<arg>//input[@name="customer-number"]</arg>
<arg>text=123456789012</arg>
<doc>Types the given ``text`` into the text field identified by ``locator``.</doc>
<status status="PASS" start="2024-07-08T10:53:34.643747" elapsed="0.035325"/>
</kw>
<kw name="Click Button" owner="SeleniumLibrary">
<msg time="2024-07-08T10:53:34.679573" level="INFO">Clicking button '//button[@id="customer-number-login"]'.</msg>
<arg>//button[@id="customer-number-login"]</arg>
<doc>Clicks the button identified by ``locator``.</doc>
<status status="PASS" start="2024-07-08T10:53:34.679573" elapsed="0.229773"/>
</kw>
<kw name="WaitTimeOut">
<kw name="Set Selenium Implicit Wait" owner="SeleniumLibrary">
<arg>20 sec</arg>
<doc>Sets the implicit wait value used by Selenium.</doc>
<status status="PASS" start="2024-07-08T10:53:34.909346" elapsed="0.003012"/>
</kw>
<kw name="Set Selenium Timeout" owner="SeleniumLibrary">
<arg>20 sec</arg>
<doc>Sets the timeout that is used by various keywords.</doc>
<status status="PASS" start="2024-07-08T10:53:34.912358" elapsed="0.002003"/>
</kw>
<kw name="Wait Until Page Contains Element" owner="SeleniumLibrary">
<arg>${xpath}</arg>
<doc>Waits until the element ``locator`` appears on the current page.</doc>
<status status="PASS" start="2024-07-08T10:53:34.914361" elapsed="0.003376"/>
</kw>
<kw name="Wait Until Element Is Visible" owner="SeleniumLibrary">
<arg>${xpath}</arg>
<doc>Waits until the element ``locator`` is visible.</doc>
<status status="PASS" start="2024-07-08T10:53:34.917737" elapsed="0.012839"/>
</kw>
<kw name="Wait Until Element Is Enabled" owner="SeleniumLibrary">
<arg>${xpath}</arg>
<doc>Waits until the element ``locator`` is enabled.</doc>
<status status="PASS" start="2024-07-08T10:53:34.930576" elapsed="0.014448"/>
</kw>
<arg>(//div[contains(@class,'form-group')])[7]//input</arg>
<status status="PASS" start="2024-07-08T10:53:34.909346" elapsed="0.035678"/>
</kw>
<for flavor="IN RANGE">
<iter>
<kw name="Input Text" owner="SeleniumLibrary">
<msg time="2024-07-08T10:53:34.945024" level="INFO">Typing text '5' into text field '(//div[contains(@class,'form-group')])[7]//input'.</msg>
<arg>locator=(//div[contains(@class,'form-group')])[${index+7}]//input</arg>
<arg>text=${input_values}[${index}]</arg>
<doc>Types the given ``text`` into the text field identified by ``locator``.</doc>
<status status="PASS" start="2024-07-08T10:53:34.945024" elapsed="0.022260"/>
</kw>
<var name="${index}">0</var>
<status status="PASS" start="2024-07-08T10:53:34.945024" elapsed="0.022260"/>
</iter>
<iter>
<kw name="Input Text" owner="SeleniumLibrary">
<msg time="2024-07-08T10:53:34.967284" level="INFO">Typing text '7' into text field '(//div[contains(@class,'form-group')])[8]//input'.</msg>
<arg>locator=(//div[contains(@class,'form-group')])[${index+7}]//input</arg>
<arg>text=${input_values}[${index}]</arg>
<doc>Types the given ``text`` into the text field identified by ``locator``.</doc>
<status status="PASS" start="2024-07-08T10:53:34.967284" elapsed="0.014706"/>
</kw>
<var name="${index}">1</var>
<status status="PASS" start="2024-07-08T10:53:34.967284" elapsed="0.014706"/>
</iter>
<iter>
<kw name="Input Text" owner="SeleniumLibrary">
<msg time="2024-07-08T10:53:34.981990" level="INFO">Typing text '2' into text field '(//div[contains(@class,'form-group')])[9]//input'.</msg>
<arg>locator=(//div[contains(@class,'form-group')])[${index+7}]//input</arg>
<arg>text=${input_values}[${index}]</arg>
<doc>Types the given ``text`` into the text field identified by ``locator``.</doc>
<status status="PASS" start="2024-07-08T10:53:34.981990" elapsed="0.021398"/>
</kw>
<var name="${index}">2</var>
<status status="PASS" start="2024-07-08T10:53:34.981990" elapsed="0.021398"/>
</iter>
<iter>
<kw name="Input Text" owner="SeleniumLibrary">
<msg time="2024-07-08T10:53:35.005813" level="INFO">Typing text '4' into text field '(//div[contains(@class,'form-group')])[10]//input'.</msg>
<arg>locator=(//div[contains(@class,'form-group')])[${index+7}]//input</arg>
<arg>text=${input_values}[${index}]</arg>
<doc>Types the given ``text`` into the text field identified by ``locator``.</doc>
<status status="PASS" start="2024-07-08T10:53:35.003388" elapsed="0.019314"/>
</kw>
<var name="${index}">3</var>
<status status="PASS" start="2024-07-08T10:53:35.003388" elapsed="0.019897"/>
</iter>
<iter>
<kw name="Input Text" owner="SeleniumLibrary">
<msg time="2024-07-08T10:53:35.027654" level="INFO">Typing text '3' into text field '(//div[contains(@class,'form-group')])[11]//input'.</msg>
<arg>locator=(//div[contains(@class,'form-group')])[${index+7}]//input</arg>
<arg>text=${input_values}[${index}]</arg>
<doc>Types the given ``text`` into the text field identified by ``locator``.</doc>
<status status="PASS" start="2024-07-08T10:53:35.024784" elapsed="0.015533"/>
</kw>
<var name="${index}">4</var>
<status status="PASS" start="2024-07-08T10:53:35.023780" elapsed="0.017243"/>
</iter>
<iter>
<kw name="Input Text" owner="SeleniumLibrary">
<msg time="2024-07-08T10:53:35.041023" level="INFO">Typing text '6' into text field '(//div[contains(@class,'form-group')])[12]//input'.</msg>
<arg>locator=(//div[contains(@class,'form-group')])[${index+7}]//input</arg>
<arg>text=${input_values}[${index}]</arg>
<doc>Types the given ``text`` into the text field identified by ``locator``.</doc>
<status status="PASS" start="2024-07-08T10:53:35.041023" elapsed="0.014639"/>
</kw>
<var name="${index}">5</var>
<status status="PASS" start="2024-07-08T10:53:35.041023" elapsed="0.015141"/>
</iter>
<var>${index}</var>
<value>6</value>
<status status="PASS" start="2024-07-08T10:53:34.945024" elapsed="0.111140"/>
</for>
<kw name="Click Button" owner="SeleniumLibrary">
<msg time="2024-07-08T10:53:35.057160" level="INFO">Clicking button '//button[@id="login-button"]'.</msg>
<arg>//button[@id="login-button"]</arg>
<doc>Clicks the button identified by ``locator``.</doc>
<status status="PASS" start="2024-07-08T10:53:35.056661" elapsed="0.846610"/>
</kw>
<kw name="WaitTimeOut">
<kw name="Set Selenium Implicit Wait" owner="SeleniumLibrary">
<arg>20 sec</arg>
<doc>Sets the implicit wait value used by Selenium.</doc>
<status status="PASS" start="2024-07-08T10:53:35.905477" elapsed="0.008679"/>
</kw>
<kw name="Set Selenium Timeout" owner="SeleniumLibrary">
<arg>20 sec</arg>
<doc>Sets the timeout that is used by various keywords.</doc>
<status status="PASS" start="2024-07-08T10:53:35.914656" elapsed="0.000502"/>
</kw>
<kw name="Wait Until Page Contains Element" owner="SeleniumLibrary">
<arg>${xpath}</arg>
<doc>Waits until the element ``locator`` appears on the current page.</doc>
<status status="PASS" start="2024-07-08T10:53:35.915158" elapsed="2.094811"/>
</kw>
<kw name="Wait Until Element Is Visible" owner="SeleniumLibrary">
<arg>${xpath}</arg>
<doc>Waits until the element ``locator`` is visible.</doc>
<status status="PASS" start="2024-07-08T10:53:38.009969" elapsed="0.007939"/>
</kw>
<kw name="Wait Until Element Is Enabled" owner="SeleniumLibrary">
<arg>${xpath}</arg>
<doc>Waits until the element ``locator`` is enabled.</doc>
<status status="PASS" start="2024-07-08T10:53:38.017908" elapsed="0.018344"/>
</kw>
<arg>(//button[contains(text(),'Select account')])[1]</arg>
<status status="PASS" start="2024-07-08T10:53:35.903771" elapsed="2.132481"/>
</kw>
<kw name="Click Button" owner="SeleniumLibrary">
<msg time="2024-07-08T10:53:38.037201" level="INFO">Clicking button '(//button[contains(text(),'Select account')])[1]'.</msg>
<arg>(//button[contains(text(),'Select account')])[1]</arg>
<doc>Clicks the button identified by ``locator``.</doc>
<status status="PASS" start="2024-07-08T10:53:38.036252" elapsed="0.238753"/>
</kw>
<if>
<branch type="IF" condition="'${paymentConditon}' == 'Success'">
